c:\users\8\source\repos\dba\dba\x64\debug\vc143.pdb
c:\users\8\source\repos\dba\dba\x64\debug\usr_not_found.obj
c:\users\8\source\repos\dba\dba\x64\debug\uo_class.obj
c:\users\8\source\repos\dba\dba\x64\debug\uo.obj
c:\users\8\source\repos\dba\dba\x64\debug\trans.obj
c:\users\8\source\repos\dba\dba\x64\debug\split.obj
c:\users\8\source\repos\dba\dba\x64\debug\groups.obj
c:\users\8\source\repos\dba\dba\x64\debug\db_error.obj
c:\users\8\source\repos\dba\dba\x64\debug\change_password.obj
c:\users\8\source\repos\dba\dba\x64\debug\admins_list.obj
c:\users\8\source\repos\dba\dba\x64\debug\add_user.obj
c:\users\8\source\repos\dba\dba\x64\debug\add_uo.obj
c:\users\8\source\repos\dba\dba\x64\debug\main_form.obj
c:\users\8\source\repos\dba\dba\x64\debug\login_err.obj
c:\users\8\source\repos\dba\dba\x64\debug\login.obj
c:\users\8\source\repos\dba\dba\x64\debug\remove_user.obj
c:\users\8\source\repos\dba\dba\x64\debug\.netframework,version=v4.7.2.assemblyattributes.obj
c:\users\8\source\repos\dba\dba\x64\debug\mcsv.obj
c:\users\8\source\repos\dba\dba\x64\debug\help.obj
c:\users\8\source\repos\dba\dba\x64\debug\paths.obj
c:\users\8\source\repos\dba\x64\debug\dba.exe
c:\users\8\source\repos\dba\x64\debug\dba.pdb
c:\users\8\source\repos\dba\dba\x64\debug\resource.res
c:\users\8\source\repos\dba\dba\x64\debug\form1.obj
c:\users\8\source\repos\dba\dba\x64\debug\invalid_data.obj
c:\users\8\source\repos\dba\dba\x64\debug\newrow.obj
c:\users\8\source\repos\dba\dba\x64\debug\dba.tlog\cl.command.1.tlog
c:\users\8\source\repos\dba\dba\x64\debug\dba.tlog\cl.read.1.tlog
c:\users\8\source\repos\dba\dba\x64\debug\dba.tlog\cl.write.1.tlog
c:\users\8\source\repos\dba\dba\x64\debug\dba.tlog\link.command.1.tlog
c:\users\8\source\repos\dba\dba\x64\debug\dba.tlog\link.read.1.tlog
c:\users\8\source\repos\dba\dba\x64\debug\dba.tlog\link.write.1.tlog
c:\users\8\source\repos\dba\dba\x64\debug\dba.tlog\metagen.read.1.tlog
c:\users\8\source\repos\dba\dba\x64\debug\dba.tlog\metagen.write.1.tlog
c:\users\8\source\repos\dba\dba\x64\debug\dba.tlog\rc.command.1.tlog
c:\users\8\source\repos\dba\dba\x64\debug\dba.tlog\rc.read.1.tlog
c:\users\8\source\repos\dba\dba\x64\debug\dba.tlog\rc.write.1.tlog
c:\users\8\source\repos\dba\dba\x64\debug\dba.tlog\resgen.command.1.tlog
c:\users\8\source\repos\dba\dba\x64\debug\dba.tlog\resgen.read.1.tlog
c:\users\8\source\repos\dba\dba\x64\debug\dba.tlog\resgen.write.1.tlog
